[0.438s] Invoking command in '/home/aditya/task_3/src/learning_tf2_py': PYTHONPATH=/home/aditya/task_3/build/learning_tf2_py/prefix_override:/usr/lib/python3/dist-packages/colcon_core/task/python/colcon_distutils_commands:/home/aditya/task_3/install/learning_tf2_py/lib/python3.10/site-packages:${PYTHONPATH} /usr/bin/python3 -W ignore:setup.py install is deprecated -W ignore:easy_install command is deprecated setup.py egg_info --egg-base ../../build/learning_tf2_py build --build-base /home/aditya/task_3/build/learning_tf2_py/build install --record /home/aditya/task_3/build/learning_tf2_py/install.log --single-version-externally-managed install_data
[0.599s] running egg_info
[0.599s] writing ../../build/learning_tf2_py/learning_tf2_py.egg-info/PKG-INFO
[0.600s] writing dependency_links to ../../build/learning_tf2_py/learning_tf2_py.egg-info/dependency_links.txt
[0.600s] writing entry points to ../../build/learning_tf2_py/learning_tf2_py.egg-info/entry_points.txt
[0.600s] writing requirements to ../../build/learning_tf2_py/learning_tf2_py.egg-info/requires.txt
[0.600s] writing top-level names to ../../build/learning_tf2_py/learning_tf2_py.egg-info/top_level.txt
[0.601s] reading manifest file '../../build/learning_tf2_py/learning_tf2_py.egg-info/SOURCES.txt'
[0.601s] adding license file 'LICENSE'
[0.603s] writing manifest file '../../build/learning_tf2_py/learning_tf2_py.egg-info/SOURCES.txt'
[0.603s] running build
[0.603s] running build_py
[0.603s] copying learning_tf2_py/turtle_tf2_listener.py -> /home/aditya/task_3/build/learning_tf2_py/build/lib/learning_tf2_py
[0.603s] copying learning_tf2_py/turtle_tf2_broadcaster.py -> /home/aditya/task_3/build/learning_tf2_py/build/lib/learning_tf2_py
[0.603s] running install
[0.603s] running install_lib
[0.604s] copying /home/aditya/task_3/build/learning_tf2_py/build/lib/learning_tf2_py/turtle_tf2_listener.py -> /home/aditya/task_3/install/learning_tf2_py/lib/python3.10/site-packages/learning_tf2_py
[0.604s] copying /home/aditya/task_3/build/learning_tf2_py/build/lib/learning_tf2_py/turtle_tf2_broadcaster.py -> /home/aditya/task_3/install/learning_tf2_py/lib/python3.10/site-packages/learning_tf2_py
[0.604s] byte-compiling /home/aditya/task_3/install/learning_tf2_py/lib/python3.10/site-packages/learning_tf2_py/turtle_tf2_listener.py to turtle_tf2_listener.cpython-310.pyc
[0.605s] byte-compiling /home/aditya/task_3/install/learning_tf2_py/lib/python3.10/site-packages/learning_tf2_py/turtle_tf2_broadcaster.py to turtle_tf2_broadcaster.cpython-310.pyc
[0.605s] running install_data
[0.605s] running install_egg_info
[0.606s] removing '/home/aditya/task_3/install/learning_tf2_py/lib/python3.10/site-packages/learning_tf2_py-0.0.0-py3.10.egg-info' (and everything under it)
[0.607s] Copying ../../build/learning_tf2_py/learning_tf2_py.egg-info to /home/aditya/task_3/install/learning_tf2_py/lib/python3.10/site-packages/learning_tf2_py-0.0.0-py3.10.egg-info
[0.607s] running install_scripts
[0.621s] Installing static_turtle_tf2_broadcaster script to /home/aditya/task_3/install/learning_tf2_py/lib/learning_tf2_py
[0.621s] Installing turtle_tf2_broadcaster script to /home/aditya/task_3/install/learning_tf2_py/lib/learning_tf2_py
[0.621s] writing list of installed files to '/home/aditya/task_3/build/learning_tf2_py/install.log'
[0.640s] Invoked command in '/home/aditya/task_3/src/learning_tf2_py' returned '0': PYTHONPATH=/home/aditya/task_3/build/learning_tf2_py/prefix_override:/usr/lib/python3/dist-packages/colcon_core/task/python/colcon_distutils_commands:/home/aditya/task_3/install/learning_tf2_py/lib/python3.10/site-packages:${PYTHONPATH} /usr/bin/python3 -W ignore:setup.py install is deprecated -W ignore:easy_install command is deprecated setup.py egg_info --egg-base ../../build/learning_tf2_py build --build-base /home/aditya/task_3/build/learning_tf2_py/build install --record /home/aditya/task_3/build/learning_tf2_py/install.log --single-version-externally-managed install_data
