[0.644s] Invoking command in '/home/aditya/task_3/src/py_launch_example': PYTHONPATH=/home/aditya/task_3/build/py_launch_example/prefix_override:/usr/lib/python3/dist-packages/colcon_core/task/python/colcon_distutils_commands:/home/aditya/task_3/install/py_launch_example/lib/python3.10/site-packages:${PYTHONPATH} /usr/bin/python3 -W ignore:setup.py install is deprecated -W ignore:easy_install command is deprecated setup.py egg_info --egg-base ../../build/py_launch_example build --build-base /home/aditya/task_3/build/py_launch_example/build install --record /home/aditya/task_3/build/py_launch_example/install.log --single-version-externally-managed install_data
[0.823s] running egg_info
[0.824s] writing ../../build/py_launch_example/py_launch_example.egg-info/PKG-INFO
[0.824s] writing dependency_links to ../../build/py_launch_example/py_launch_example.egg-info/dependency_links.txt
[0.824s] writing entry points to ../../build/py_launch_example/py_launch_example.egg-info/entry_points.txt
[0.824s] writing requirements to ../../build/py_launch_example/py_launch_example.egg-info/requires.txt
[0.824s] writing top-level names to ../../build/py_launch_example/py_launch_example.egg-info/top_level.txt
[0.825s] reading manifest file '../../build/py_launch_example/py_launch_example.egg-info/SOURCES.txt'
[0.825s] adding license file 'LICENSE'
[0.827s] writing manifest file '../../build/py_launch_example/py_launch_example.egg-info/SOURCES.txt'
[0.827s] running build
[0.827s] running build_py
[0.827s] running install
[0.827s] running install_lib
[0.828s] running install_data
[0.828s] running install_egg_info
[0.829s] removing '/home/aditya/task_3/install/py_launch_example/lib/python3.10/site-packages/py_launch_example-0.0.0-py3.10.egg-info' (and everything under it)
[0.829s] Copying ../../build/py_launch_example/py_launch_example.egg-info to /home/aditya/task_3/install/py_launch_example/lib/python3.10/site-packages/py_launch_example-0.0.0-py3.10.egg-info
[0.830s] running install_scripts
[0.846s] writing list of installed files to '/home/aditya/task_3/build/py_launch_example/install.log'
[0.873s] Invoked command in '/home/aditya/task_3/src/py_launch_example' returned '0': PYTHONPATH=/home/aditya/task_3/build/py_launch_example/prefix_override:/usr/lib/python3/dist-packages/colcon_core/task/python/colcon_distutils_commands:/home/aditya/task_3/install/py_launch_example/lib/python3.10/site-packages:${PYTHONPATH} /usr/bin/python3 -W ignore:setup.py install is deprecated -W ignore:easy_install command is deprecated setup.py egg_info --egg-base ../../build/py_launch_example build --build-base /home/aditya/task_3/build/py_launch_example/build install --record /home/aditya/task_3/build/py_launch_example/install.log --single-version-externally-managed install_data
