[0.604s] Invoking command in '/home/aditya/task_3/src/launch_tutorial': PYTHONPATH=/home/aditya/task_3/build/launch_tutorial/prefix_override:/usr/lib/python3/dist-packages/colcon_core/task/python/colcon_distutils_commands:/home/aditya/task_3/install/launch_tutorial/lib/python3.10/site-packages:${PYTHONPATH} /usr/bin/python3 -W ignore:setup.py install is deprecated -W ignore:easy_install command is deprecated setup.py egg_info --egg-base ../../build/launch_tutorial build --build-base /home/aditya/task_3/build/launch_tutorial/build install --record /home/aditya/task_3/build/launch_tutorial/install.log --single-version-externally-managed install_data
[0.769s] running egg_info
[0.770s] writing ../../build/launch_tutorial/launch_tutorial.egg-info/PKG-INFO
[0.770s] writing dependency_links to ../../build/launch_tutorial/launch_tutorial.egg-info/dependency_links.txt
[0.770s] writing entry points to ../../build/launch_tutorial/launch_tutorial.egg-info/entry_points.txt
[0.770s] writing requirements to ../../build/launch_tutorial/launch_tutorial.egg-info/requires.txt
[0.770s] writing top-level names to ../../build/launch_tutorial/launch_tutorial.egg-info/top_level.txt
[0.771s] reading manifest file '../../build/launch_tutorial/launch_tutorial.egg-info/SOURCES.txt'
[0.771s] adding license file 'LICENSE'
[0.772s] writing manifest file '../../build/launch_tutorial/launch_tutorial.egg-info/SOURCES.txt'
[0.772s] running build
[0.772s] running build_py
[0.773s] running install
[0.773s] running install_lib
[0.774s] running install_data
[0.774s] running install_egg_info
[0.775s] removing '/home/aditya/task_3/install/launch_tutorial/lib/python3.10/site-packages/launch_tutorial-0.0.0-py3.10.egg-info' (and everything under it)
[0.775s] Copying ../../build/launch_tutorial/launch_tutorial.egg-info to /home/aditya/task_3/install/launch_tutorial/lib/python3.10/site-packages/launch_tutorial-0.0.0-py3.10.egg-info
[0.776s] running install_scripts
[0.791s] writing list of installed files to '/home/aditya/task_3/build/launch_tutorial/install.log'
[0.813s] Invoked command in '/home/aditya/task_3/src/launch_tutorial' returned '0': PYTHONPATH=/home/aditya/task_3/build/launch_tutorial/prefix_override:/usr/lib/python3/dist-packages/colcon_core/task/python/colcon_distutils_commands:/home/aditya/task_3/install/launch_tutorial/lib/python3.10/site-packages:${PYTHONPATH} /usr/bin/python3 -W ignore:setup.py install is deprecated -W ignore:easy_install command is deprecated setup.py egg_info --egg-base ../../build/launch_tutorial build --build-base /home/aditya/task_3/build/launch_tutorial/build install --record /home/aditya/task_3/build/launch_tutorial/install.log --single-version-externally-managed install_data
